2026-03-19 05:50:12,314 | INFO | pid=52508 | root | Application started in main.py with pid=52508
2026-03-19 05:50:12,315 | INFO | pid=52508 | root | Dispatching folder=ajil0120no1 from main.py
2026-03-19 05:50:12,315 | INFO | pid=52508 | CrossRef.extract | Running folder=ajil0120no1 path=C:\Users\Panda\Documents\Hein_Automation\Input\ajil0120no1 volume=120 issue=1 output=C:\Users\Panda\Documents\Hein_Automation\CrossRef\results\ajil0120no1.json
2026-03-19 05:51:07,408 | INFO | pid=52508 | CrossRef.extract | Fetched folder=ajil0120no1 total_items=24364 filtered_items=18
2026-03-19 05:51:41,020 | INFO | pid=52508 | CrossRef.extract | Saved result for folder=ajil0120no1 to C:\Users\Panda\Documents\Hein_Automation\CrossRef\results\ajil0120no1.json
2026-03-19 05:51:41,034 | INFO | pid=52508 | root | Starting Webscraper for folder=ajil0120no1 using CrossRef result=C:\Users\Panda\Documents\Hein_Automation\CrossRef\results\ajil0120no1.json
2026-03-19 05:51:41,035 | INFO | pid=52508 | Webscraper.scraper | Webscraper started for folder=ajil0120no1 using CrossRef file=C:\Users\Panda\Documents\Hein_Automation\CrossRef\results\ajil0120no1.json
2026-03-19 05:51:41,035 | INFO | pid=52508 | Webscraper.scraper | Loaded 18 unique DOI(s) from C:\Users\Panda\Documents\Hein_Automation\CrossRef\results\ajil0120no1.json
2026-03-19 05:51:41,035 | INFO | pid=52508 | Webscraper.scraper | Webscraper resolving DOI for folder=ajil0120no1 doi=10.1017/ajil.2025.10146
2026-03-19 05:51:42,783 | INFO | pid=52508 | Webscraper.scraper | Resolved DOI 10.1017/ajil.2025.10146 to https://www.cambridge.org/core/journals/american-journal-of-international-law/article/introduction-to-special-issue/E0EAD625CE088115FD42A5F6AD2FD62F
2026-03-19 05:51:42,785 | INFO | pid=52508 | Webscraper.scraper | Webscraper fetching article-check journal=ajil0120no1 url=https://www.cambridge.org/core/journals/american-journal-of-international-law/article/introduction-to-special-issue/E0EAD625CE088115FD42A5F6AD2FD62F
2026-03-19 05:51:44,348 | INFO | pid=52508 | Webscraper.scraper | Webscraper inspected DOI landing page journal=ajil0120no1 url=https://www.cambridge.org/core/journals/american-journal-of-international-law/article/introduction-to-special-issue/E0EAD625CE088115FD42A5F6AD2FD62F score=24
2026-03-19 05:51:44,352 | INFO | pid=52508 | Webscraper.scraper | Webscraper resolving DOI for folder=ajil0120no1 doi=10.1017/ajil.2025.10129
2026-03-19 05:51:47,169 | INFO | pid=52508 | Webscraper.scraper | Resolved DOI 10.1017/ajil.2025.10129 to https://www.cambridge.org/core/journals/american-journal-of-international-law/article/abs/scourge-of-war/45D62B699B1E63ADE032712F88712592
2026-03-19 05:51:47,171 | INFO | pid=52508 | Webscraper.scraper | Webscraper fetching article-check journal=ajil0120no1 url=https://www.cambridge.org/core/journals/american-journal-of-international-law/article/abs/scourge-of-war/45D62B699B1E63ADE032712F88712592
2026-03-19 05:51:48,664 | INFO | pid=52508 | Webscraper.scraper | Webscraper inspected DOI landing page journal=ajil0120no1 url=https://www.cambridge.org/core/journals/american-journal-of-international-law/article/abs/scourge-of-war/45D62B699B1E63ADE032712F88712592 score=24
2026-03-19 05:51:48,668 | INFO | pid=52508 | Webscraper.scraper | Webscraper resolving DOI for folder=ajil0120no1 doi=10.1017/ajil.2025.10133
2026-03-19 05:51:50,408 | INFO | pid=52508 | Webscraper.scraper | Resolved DOI 10.1017/ajil.2025.10133 to https://www.cambridge.org/core/journals/american-journal-of-international-law/article/rise-and-fall-of-lauterpachts-function-of-law/63213D44E73E3685ED940A20BED65CBE
2026-03-19 05:51:50,410 | INFO | pid=52508 | Webscraper.scraper | Webscraper fetching article-check journal=ajil0120no1 url=https://www.cambridge.org/core/journals/american-journal-of-international-law/article/rise-and-fall-of-lauterpachts-function-of-law/63213D44E73E3685ED940A20BED65CBE
2026-03-19 05:51:51,750 | INFO | pid=52508 | Webscraper.scraper | Webscraper inspected DOI landing page journal=ajil0120no1 url=https://www.cambridge.org/core/journals/american-journal-of-international-law/article/rise-and-fall-of-lauterpachts-function-of-law/63213D44E73E3685ED940A20BED65CBE score=24
2026-03-19 05:51:51,752 | INFO | pid=52508 | Webscraper.scraper | Webscraper resolving DOI for folder=ajil0120no1 doi=10.1017/ajil.2025.10125
2026-03-19 05:51:53,534 | INFO | pid=52508 | Webscraper.scraper | Resolved DOI 10.1017/ajil.2025.10125 to https://www.cambridge.org/core/journals/american-journal-of-international-law/article/silicon-sovereigns-artificial-intelligence-international-law-and-the-techindustrial-complex/91E9751E1A9F586F4E4D7FD2FA36556B
2026-03-19 05:51:53,537 | INFO | pid=52508 | Webscraper.scraper | Webscraper fetching article-check journal=ajil0120no1 url=https://www.cambridge.org/core/journals/american-journal-of-international-law/article/silicon-sovereigns-artificial-intelligence-international-law-and-the-techindustrial-complex/91E9751E1A9F586F4E4D7FD2FA36556B
2026-03-19 05:51:54,540 | INFO | pid=52508 | Webscraper.scraper | Webscraper inspected DOI landing page journal=ajil0120no1 url=https://www.cambridge.org/core/journals/american-journal-of-international-law/article/silicon-sovereigns-artificial-intelligence-international-law-and-the-techindustrial-complex/91E9751E1A9F586F4E4D7FD2FA36556B score=24
2026-03-19 05:51:54,542 | INFO | pid=52508 | Webscraper.scraper | Webscraper resolving DOI for folder=ajil0120no1 doi=10.1017/ajil.2025.10139
2026-03-19 05:51:56,255 | INFO | pid=52508 | Webscraper.scraper | Resolved DOI 10.1017/ajil.2025.10139 to https://www.cambridge.org/core/journals/american-journal-of-international-law/article/pax-economica-and-its-discontents/6C595BDF5D51820E64061720F45BDECE
2026-03-19 05:51:56,257 | INFO | pid=52508 | Webscraper.scraper | Webscraper fetching article-check journal=ajil0120no1 url=https://www.cambridge.org/core/journals/american-journal-of-international-law/article/pax-economica-and-its-discontents/6C595BDF5D51820E64061720F45BDECE
2026-03-19 05:51:57,185 | INFO | pid=52508 | Webscraper.scraper | Webscraper inspected DOI landing page journal=ajil0120no1 url=https://www.cambridge.org/core/journals/american-journal-of-international-law/article/pax-economica-and-its-discontents/6C595BDF5D51820E64061720F45BDECE score=24
2026-03-19 05:51:57,187 | INFO | pid=52508 | Webscraper.scraper | Webscraper resolving DOI for folder=ajil0120no1 doi=10.1017/ajil.2025.10134
2026-03-19 05:51:59,132 | INFO | pid=52508 | Webscraper.scraper | Resolved DOI 10.1017/ajil.2025.10134 to https://www.cambridge.org/core/journals/american-journal-of-international-law/article/from-necropolitics-to-piety-twail-and-the-other-subject-of-human-rights/2BA16A011078B3C3E41848CCB0DAE671
2026-03-19 05:51:59,134 | INFO | pid=52508 | Webscraper.scraper | Webscraper fetching article-check journal=ajil0120no1 url=https://www.cambridge.org/core/journals/american-journal-of-international-law/article/from-necropolitics-to-piety-twail-and-the-other-subject-of-human-rights/2BA16A011078B3C3E41848CCB0DAE671
2026-03-19 05:52:00,237 | INFO | pid=52508 | Webscraper.scraper | Webscraper inspected DOI landing page journal=ajil0120no1 url=https://www.cambridge.org/core/journals/american-journal-of-international-law/article/from-necropolitics-to-piety-twail-and-the-other-subject-of-human-rights/2BA16A011078B3C3E41848CCB0DAE671 score=24
2026-03-19 05:52:00,240 | INFO | pid=52508 | Webscraper.scraper | Webscraper resolving DOI for folder=ajil0120no1 doi=10.1017/ajil.2025.10126
2026-03-19 05:52:02,036 | INFO | pid=52508 | Webscraper.scraper | Resolved DOI 10.1017/ajil.2025.10126 to https://www.cambridge.org/core/journals/american-journal-of-international-law/article/dystopian-international-law/F9BDE4936BAF581B2106402286FB4DA6
2026-03-19 05:52:02,038 | INFO | pid=52508 | Webscraper.scraper | Webscraper fetching article-check journal=ajil0120no1 url=https://www.cambridge.org/core/journals/american-journal-of-international-law/article/dystopian-international-law/F9BDE4936BAF581B2106402286FB4DA6
2026-03-19 05:52:03,224 | INFO | pid=52508 | Webscraper.scraper | Webscraper inspected DOI landing page journal=ajil0120no1 url=https://www.cambridge.org/core/journals/american-journal-of-international-law/article/dystopian-international-law/F9BDE4936BAF581B2106402286FB4DA6 score=24
2026-03-19 05:52:03,226 | INFO | pid=52508 | Webscraper.scraper | Webscraper resolving DOI for folder=ajil0120no1 doi=10.1017/ajil.2025.10141
2026-03-19 05:52:04,875 | INFO | pid=52508 | Webscraper.scraper | Resolved DOI 10.1017/ajil.2025.10141 to https://www.cambridge.org/core/journals/american-journal-of-international-law/article/on-the-stories-we-tell/4980A9C867ACAE09503055DDDD2FD7C8
2026-03-19 05:52:04,878 | INFO | pid=52508 | Webscraper.scraper | Webscraper fetching article-check journal=ajil0120no1 url=https://www.cambridge.org/core/journals/american-journal-of-international-law/article/on-the-stories-we-tell/4980A9C867ACAE09503055DDDD2FD7C8
2026-03-19 05:52:05,981 | INFO | pid=52508 | Webscraper.scraper | Webscraper inspected DOI landing page journal=ajil0120no1 url=https://www.cambridge.org/core/journals/american-journal-of-international-law/article/on-the-stories-we-tell/4980A9C867ACAE09503055DDDD2FD7C8 score=24
2026-03-19 05:52:05,983 | INFO | pid=52508 | Webscraper.scraper | Webscraper resolving DOI for folder=ajil0120no1 doi=10.1017/ajil.2025.10130
2026-03-19 05:52:26,732 | INFO | pid=52508 | Webscraper.scraper | Resolved DOI 10.1017/ajil.2025.10130 to https://www.cambridge.org/core/journals/american-journal-of-international-law/article/colonialism-and-decolonization-on-a-world-scalethree-perspectives/F2401CB2226C336C82B50BBB49863624
2026-03-19 05:52:26,734 | INFO | pid=52508 | Webscraper.scraper | Webscraper fetching article-check journal=ajil0120no1 url=https://www.cambridge.org/core/journals/american-journal-of-international-law/article/colonialism-and-decolonization-on-a-world-scalethree-perspectives/F2401CB2226C336C82B50BBB49863624
2026-03-19 05:52:27,874 | INFO | pid=52508 | Webscraper.scraper | Webscraper inspected DOI landing page journal=ajil0120no1 url=https://www.cambridge.org/core/journals/american-journal-of-international-law/article/colonialism-and-decolonization-on-a-world-scalethree-perspectives/F2401CB2226C336C82B50BBB49863624 score=24
2026-03-19 05:52:27,876 | INFO | pid=52508 | Webscraper.scraper | Webscraper resolving DOI for folder=ajil0120no1 doi=10.1017/ajil.2025.10127
2026-03-19 05:52:30,166 | INFO | pid=52508 | Webscraper.scraper | Resolved DOI 10.1017/ajil.2025.10127 to https://www.cambridge.org/core/journals/american-journal-of-international-law/article/abs/whoever-rules-the-waves-rules-the-world-sea-power-and-the-law-of-the-sea/50C2D2684DC510405589DDC29BECD007
2026-03-19 05:52:30,168 | INFO | pid=52508 | Webscraper.scraper | Webscraper fetching article-check journal=ajil0120no1 url=https://www.cambridge.org/core/journals/american-journal-of-international-law/article/abs/whoever-rules-the-waves-rules-the-world-sea-power-and-the-law-of-the-sea/50C2D2684DC510405589DDC29BECD007
2026-03-19 05:52:31,182 | INFO | pid=52508 | Webscraper.scraper | Webscraper inspected DOI landing page journal=ajil0120no1 url=https://www.cambridge.org/core/journals/american-journal-of-international-law/article/abs/whoever-rules-the-waves-rules-the-world-sea-power-and-the-law-of-the-sea/50C2D2684DC510405589DDC29BECD007 score=24
2026-03-19 05:52:31,184 | INFO | pid=52508 | Webscraper.scraper | Webscraper resolving DOI for folder=ajil0120no1 doi=10.1017/ajil.2025.10142
2026-03-19 05:52:33,337 | INFO | pid=52508 | Webscraper.scraper | Resolved DOI 10.1017/ajil.2025.10142 to https://www.cambridge.org/core/journals/american-journal-of-international-law/article/china-antihegemonism-and-the-scope-for-international-law-to-facilitate-peaceful-power-transitions/223196BDE702E8ACB1EAAD565A776BE7
2026-03-19 05:52:33,339 | INFO | pid=52508 | Webscraper.scraper | Webscraper fetching article-check journal=ajil0120no1 url=https://www.cambridge.org/core/journals/american-journal-of-international-law/article/china-antihegemonism-and-the-scope-for-international-law-to-facilitate-peaceful-power-transitions/223196BDE702E8ACB1EAAD565A776BE7
2026-03-19 05:52:34,431 | INFO | pid=52508 | Webscraper.scraper | Webscraper inspected DOI landing page journal=ajil0120no1 url=https://www.cambridge.org/core/journals/american-journal-of-international-law/article/china-antihegemonism-and-the-scope-for-international-law-to-facilitate-peaceful-power-transitions/223196BDE702E8ACB1EAAD565A776BE7 score=24
2026-03-19 05:52:34,433 | INFO | pid=52508 | Webscraper.scraper | Webscraper resolving DOI for folder=ajil0120no1 doi=10.1017/ajil.2025.10132
2026-03-19 05:52:36,136 | INFO | pid=52508 | Webscraper.scraper | Resolved DOI 10.1017/ajil.2025.10132 to https://www.cambridge.org/core/journals/american-journal-of-international-law/article/is-another-world-possible/9E6D9C62A6376BFC57813AE7C667033F
2026-03-19 05:52:36,138 | INFO | pid=52508 | Webscraper.scraper | Webscraper fetching article-check journal=ajil0120no1 url=https://www.cambridge.org/core/journals/american-journal-of-international-law/article/is-another-world-possible/9E6D9C62A6376BFC57813AE7C667033F
2026-03-19 05:52:37,331 | INFO | pid=52508 | Webscraper.scraper | Webscraper inspected DOI landing page journal=ajil0120no1 url=https://www.cambridge.org/core/journals/american-journal-of-international-law/article/is-another-world-possible/9E6D9C62A6376BFC57813AE7C667033F score=24
2026-03-19 05:52:37,334 | INFO | pid=52508 | Webscraper.scraper | Webscraper resolving DOI for folder=ajil0120no1 doi=10.1017/ajil.2025.10137
2026-03-19 05:52:39,085 | INFO | pid=52508 | Webscraper.scraper | Resolved DOI 10.1017/ajil.2025.10137 to https://www.cambridge.org/core/journals/american-journal-of-international-law/article/international-law-commissions-seventysixth-2025-session-the-negative-impact-of-the-united-nations-fiscal-crisis-on-the-codification-and-progressive-development-of-international-law/99C559EF8D886D22F0BDC638D5DF9E70
2026-03-19 05:52:39,087 | INFO | pid=52508 | Webscraper.scraper | Webscraper fetching article-check journal=ajil0120no1 url=https://www.cambridge.org/core/journals/american-journal-of-international-law/article/international-law-commissions-seventysixth-2025-session-the-negative-impact-of-the-united-nations-fiscal-crisis-on-the-codification-and-progressive-development-of-international-law/99C559EF8D886D22F0BDC638D5DF9E70
2026-03-19 05:52:40,178 | INFO | pid=52508 | Webscraper.scraper | Webscraper inspected DOI landing page journal=ajil0120no1 url=https://www.cambridge.org/core/journals/american-journal-of-international-law/article/international-law-commissions-seventysixth-2025-session-the-negative-impact-of-the-united-nations-fiscal-crisis-on-the-codification-and-progressive-development-of-international-law/99C559EF8D886D22F0BDC638D5DF9E70 score=24
2026-03-19 05:52:40,180 | INFO | pid=52508 | Webscraper.scraper | Webscraper resolving DOI for folder=ajil0120no1 doi=10.1017/ajil.2025.10138
2026-03-19 05:52:41,871 | INFO | pid=52508 | Webscraper.scraper | Resolved DOI 10.1017/ajil.2025.10138 to https://www.cambridge.org/core/journals/american-journal-of-international-law/article/modern-slavery-in-furukawa-case-no-107221jp24/CD4EA7BF4C6753629A024D1B2E10A61A
2026-03-19 05:52:41,873 | INFO | pid=52508 | Webscraper.scraper | Webscraper fetching article-check journal=ajil0120no1 url=https://www.cambridge.org/core/journals/american-journal-of-international-law/article/modern-slavery-in-furukawa-case-no-107221jp24/CD4EA7BF4C6753629A024D1B2E10A61A
2026-03-19 05:52:42,809 | INFO | pid=52508 | Webscraper.scraper | Webscraper inspected DOI landing page journal=ajil0120no1 url=https://www.cambridge.org/core/journals/american-journal-of-international-law/article/modern-slavery-in-furukawa-case-no-107221jp24/CD4EA7BF4C6753629A024D1B2E10A61A score=24
2026-03-19 05:52:42,811 | INFO | pid=52508 | Webscraper.scraper | Webscraper resolving DOI for folder=ajil0120no1 doi=10.1017/ajil.2025.10140
2026-03-19 05:52:44,889 | INFO | pid=52508 | Webscraper.scraper | Resolved DOI 10.1017/ajil.2025.10140 to https://www.cambridge.org/core/journals/american-journal-of-international-law/article/junefield-gold-investments-limited-v-the-republic-of-ecuador-pca-case-no-202335/64E8B0DE75165168A8420D94D63B54A4
2026-03-19 05:52:44,891 | INFO | pid=52508 | Webscraper.scraper | Webscraper fetching article-check journal=ajil0120no1 url=https://www.cambridge.org/core/journals/american-journal-of-international-law/article/junefield-gold-investments-limited-v-the-republic-of-ecuador-pca-case-no-202335/64E8B0DE75165168A8420D94D63B54A4
2026-03-19 05:52:46,468 | INFO | pid=52508 | Webscraper.scraper | Webscraper inspected DOI landing page journal=ajil0120no1 url=https://www.cambridge.org/core/journals/american-journal-of-international-law/article/junefield-gold-investments-limited-v-the-republic-of-ecuador-pca-case-no-202335/64E8B0DE75165168A8420D94D63B54A4 score=24
2026-03-19 05:52:46,472 | INFO | pid=52508 | Webscraper.scraper | Webscraper resolving DOI for folder=ajil0120no1 doi=10.1017/ajil.2025.10144
2026-03-19 05:52:48,573 | INFO | pid=52508 | Webscraper.scraper | Resolved DOI 10.1017/ajil.2025.10144 to https://www.cambridge.org/core/journals/american-journal-of-international-law/article/semenya-v-switzerland-application-no-1093421/8CB46420AAAA053296DD80F3FA3F07EF
2026-03-19 05:52:48,576 | INFO | pid=52508 | Webscraper.scraper | Webscraper fetching article-check journal=ajil0120no1 url=https://www.cambridge.org/core/journals/american-journal-of-international-law/article/semenya-v-switzerland-application-no-1093421/8CB46420AAAA053296DD80F3FA3F07EF
2026-03-19 05:52:49,819 | INFO | pid=52508 | Webscraper.scraper | Webscraper inspected DOI landing page journal=ajil0120no1 url=https://www.cambridge.org/core/journals/american-journal-of-international-law/article/semenya-v-switzerland-application-no-1093421/8CB46420AAAA053296DD80F3FA3F07EF score=24
2026-03-19 05:52:49,821 | INFO | pid=52508 | Webscraper.scraper | Webscraper resolving DOI for folder=ajil0120no1 doi=10.1017/ajil.2025.10143
2026-03-19 05:52:51,658 | INFO | pid=52508 | Webscraper.scraper | Resolved DOI 10.1017/ajil.2025.10143 to https://www.cambridge.org/core/journals/american-journal-of-international-law/article/secretary-of-state-rubio-denies-and-revokes-visas-for-palestinian-delegation-invited-to-attend-un-general-assembly-meetings/533FF46132BDC86E05431B2D17068786
2026-03-19 05:52:51,660 | INFO | pid=52508 | Webscraper.scraper | Webscraper fetching article-check journal=ajil0120no1 url=https://www.cambridge.org/core/journals/american-journal-of-international-law/article/secretary-of-state-rubio-denies-and-revokes-visas-for-palestinian-delegation-invited-to-attend-un-general-assembly-meetings/533FF46132BDC86E05431B2D17068786
2026-03-19 05:52:53,146 | INFO | pid=52508 | Webscraper.scraper | Webscraper inspected DOI landing page journal=ajil0120no1 url=https://www.cambridge.org/core/journals/american-journal-of-international-law/article/secretary-of-state-rubio-denies-and-revokes-visas-for-palestinian-delegation-invited-to-attend-un-general-assembly-meetings/533FF46132BDC86E05431B2D17068786 score=20
2026-03-19 05:52:53,148 | INFO | pid=52508 | Webscraper.scraper | Webscraper resolving DOI for folder=ajil0120no1 doi=10.1017/ajil.2025.10145
2026-03-19 05:52:55,554 | INFO | pid=52508 | Webscraper.scraper | Resolved DOI 10.1017/ajil.2025.10145 to https://www.cambridge.org/core/journals/american-journal-of-international-law/article/us-military-targets-and-destroys-alleged-narcotics-trafficking-vessels-in-the-southern-caribbean-sea-and-eastern-pacific-ocean-killing-nearly-all-of-their-crew/DE7B5051CBDD60A350A7FCD5A34BE34C
2026-03-19 05:52:55,556 | INFO | pid=52508 | Webscraper.scraper | Webscraper fetching article-check journal=ajil0120no1 url=https://www.cambridge.org/core/journals/american-journal-of-international-law/article/us-military-targets-and-destroys-alleged-narcotics-trafficking-vessels-in-the-southern-caribbean-sea-and-eastern-pacific-ocean-killing-nearly-all-of-their-crew/DE7B5051CBDD60A350A7FCD5A34BE34C
2026-03-19 05:52:56,627 | INFO | pid=52508 | Webscraper.scraper | Webscraper inspected DOI landing page journal=ajil0120no1 url=https://www.cambridge.org/core/journals/american-journal-of-international-law/article/us-military-targets-and-destroys-alleged-narcotics-trafficking-vessels-in-the-southern-caribbean-sea-and-eastern-pacific-ocean-killing-nearly-all-of-their-crew/DE7B5051CBDD60A350A7FCD5A34BE34C score=20
2026-03-19 05:52:56,631 | INFO | pid=52508 | Webscraper.scraper | Webscraper saved raw output folder=ajil0120no1 output=C:\Users\Panda\Documents\Hein_Automation\Webscraper\output\ajil0120no1.json article_count=18
2026-03-19 05:52:56,633 | INFO | pid=52508 | Webscraper.scraper | Webscraper saved formatted results folder=ajil0120no1 output=C:\Users\Panda\Documents\Hein_Automation\Webscraper\results\ajil0120no1.json section_count=18
2026-03-19 05:52:56,634 | INFO | pid=52508 | root | Dispatching folder=blj0143no1 from main.py
2026-03-19 05:52:56,634 | INFO | pid=52508 | CrossRef.extract | Running folder=blj0143no1 path=C:\Users\Panda\Documents\Hein_Automation\Input\blj0143no1 volume=143 issue=1 output=C:\Users\Panda\Documents\Hein_Automation\CrossRef\results\blj0143no1.json
2026-03-19 05:52:58,464 | INFO | pid=52508 | CrossRef.extract | Fetched folder=blj0143no1 total_items=0 filtered_items=0
2026-03-19 05:52:58,465 | WARNING | pid=52508 | CrossRef.extract | No valid articles found for folder=blj0143no1; skipping output file creation
2026-03-19 05:52:58,465 | INFO | pid=52508 | root | No CrossRef result found for folder=blj0143no1; starting databaseScrape fallback
2026-03-19 05:52:58,465 | INFO | pid=52508 | Webscraper.databaseScrape | databaseScrape started for input=blj0143no1
2026-03-19 05:52:58,466 | INFO | pid=52508 | Webscraper.databaseScrape | Parsed input journal=blj volume_raw=0143 issue=1
2026-03-19 05:52:58,466 | WARNING | pid=52508 | Webscraper.databaseScrape | No journal config found for journal=blj; fallback_search_url=https://www.google.com/search?q=blj+journal+volume+143
2026-03-19 05:52:58,466 | INFO | pid=52508 | root | databaseScrape fallback completed for folder=blj0143no1 status=fallback_search url=https://www.google.com/search?q=blj+journal+volume+143
2026-03-19 05:52:58,466 | INFO | pid=52508 | Webscraper.scraper | Webscraper placeholder reached for folder=blj0143no1 because no CrossRef result is available yet
2026-03-19 05:52:58,466 | INFO | pid=52508 | root | Dispatching folder=mijoeqv0015no1 from main.py
2026-03-19 05:52:58,467 | INFO | pid=52508 | CrossRef.extract | Running folder=mijoeqv0015no1 path=C:\Users\Panda\Documents\Hein_Automation\Input\mijoeqv0015no1 volume=15 issue=1 output=C:\Users\Panda\Documents\Hein_Automation\CrossRef\results\mijoeqv0015no1.json
2026-03-19 05:53:02,242 | INFO | pid=52508 | CrossRef.extract | Fetched folder=mijoeqv0015no1 total_items=151 filtered_items=0
2026-03-19 05:53:02,242 | WARNING | pid=52508 | CrossRef.extract | No valid articles found for folder=mijoeqv0015no1; skipping output file creation
2026-03-19 05:53:02,244 | INFO | pid=52508 | root | No CrossRef result found for folder=mijoeqv0015no1; starting databaseScrape fallback
2026-03-19 05:53:02,244 | INFO | pid=52508 | Webscraper.databaseScrape | databaseScrape started for input=mijoeqv0015no1
2026-03-19 05:53:02,244 | INFO | pid=52508 | Webscraper.databaseScrape | Parsed input journal=mijoeqv volume_raw=0015 issue=1
2026-03-19 05:53:02,244 | INFO | pid=52508 | Webscraper.databaseScrape | Matched journal config for journal=mijoeqv base_url=https://repository.law.umich.edu/mbelr/
2026-03-19 05:53:02,245 | INFO | pid=52508 | Webscraper.databaseScrape | Built final URL for journal=mijoeqv url=https://repository.law.umich.edu/mbelr/vol15/iss1/
2026-03-19 05:53:02,245 | INFO | pid=52508 | root | databaseScrape fallback completed for folder=mijoeqv0015no1 status=matched url=https://repository.law.umich.edu/mbelr/vol15/iss1/
2026-03-19 05:53:02,245 | INFO | pid=52508 | root | Starting recursiveScrape for folder=mijoeqv0015no1 using databaseScrape url=https://repository.law.umich.edu/mbelr/vol15/iss1/
2026-03-19 05:53:02,245 | INFO | pid=52508 | Webscraper.recursiveScrape | recursiveScrape started for folder=mijoeqv0015no1 start_url=https://repository.law.umich.edu/mbelr/vol15/iss1/
2026-03-19 05:53:02,245 | INFO | pid=52508 | Webscraper.recursiveScrape | recursiveScrape using path-scoped crawl journal=mijoeqv0015no1 domain=repository.law.umich.edu base_path=/mbelr/vol15/iss1/
2026-03-19 05:53:02,245 | INFO | pid=52508 | Webscraper.recursiveScrape | recursiveScrape visiting journal=mijoeqv0015no1 depth=0 url=https://repository.law.umich.edu/mbelr/vol15/iss1/
2026-03-19 05:53:03,337 | INFO | pid=52508 | Webscraper.recursiveScrape | recursiveScrape visiting journal=mijoeqv0015no1 depth=1 url=https://repository.law.umich.edu/mbelr/vol15/iss1/1
2026-03-19 05:53:04,235 | INFO | pid=52508 | Webscraper.recursiveScrape | recursiveScrape article found journal=mijoeqv0015no1 url=https://repository.law.umich.edu/mbelr/vol15/iss1/1 score=20
2026-03-19 05:53:04,238 | INFO | pid=52508 | Webscraper.recursiveScrape | recursiveScrape visiting journal=mijoeqv0015no1 depth=1 url=https://repository.law.umich.edu/mbelr/vol15/iss1/2
2026-03-19 05:53:05,103 | INFO | pid=52508 | Webscraper.recursiveScrape | recursiveScrape article found journal=mijoeqv0015no1 url=https://repository.law.umich.edu/mbelr/vol15/iss1/2 score=25
2026-03-19 05:53:05,105 | INFO | pid=52508 | Webscraper.recursiveScrape | recursiveScrape visiting journal=mijoeqv0015no1 depth=1 url=https://repository.law.umich.edu/mbelr/vol15/iss1/3
2026-03-19 05:53:06,000 | INFO | pid=52508 | Webscraper.recursiveScrape | recursiveScrape article found journal=mijoeqv0015no1 url=https://repository.law.umich.edu/mbelr/vol15/iss1/3 score=25
2026-03-19 05:53:06,007 | INFO | pid=52508 | Webscraper.scraper | Webscraper saved raw output folder=mijoeqv0015no1 output=C:\Users\Panda\Documents\Hein_Automation\Webscraper\output\mijoeqv0015no1.json article_count=3
2026-03-19 05:53:06,008 | INFO | pid=52508 | Webscraper.scraper | Webscraper saved formatted results folder=mijoeqv0015no1 output=C:\Users\Panda\Documents\Hein_Automation\Webscraper\results\mijoeqv0015no1.json section_count=3
2026-03-19 05:53:06,008 | INFO | pid=52508 | Webscraper.recursiveScrape | recursiveScrape completed for folder=mijoeqv0015no1 raw_output=C:\Users\Panda\Documents\Hein_Automation\Webscraper\output\mijoeqv0015no1.json results_output=C:\Users\Panda\Documents\Hein_Automation\Webscraper\results\mijoeqv0015no1.json article_count=3
2026-03-19 05:53:06,008 | INFO | pid=52508 | root | Finished processing 2 folder(s)
